
============ Iteration 0 =============

Active learning 10 + 40 
 Accuracy: 0.6159554730983302
 Accuracy: 0.620817843866171
 Accuracy: 0.6294227188081937
 Accuracy: 0.6305970149253731
 Accuracy: 0.5626168224299065
 Accuracy: 0.6460674157303371
 Accuracy: 0.6547842401500938
 Accuracy: 0.6146616541353384
 Accuracy: 0.6195856873822976
 Accuracy: 0.630188679245283
 Accuracy: 0.6313799621928167
 Accuracy: 0.6382575757575758
 Accuracy: 0.6375711574952562
 Accuracy: 0.6330798479087453
 Accuracy: 0.6323809523809524
 Accuracy: 0.6297709923664122
 Accuracy: 0.638623326959847
 Accuracy: 0.632183908045977
 Accuracy: 0.6391554702495201
 Accuracy: 0.6538461538461539
 Accuracy: 0.6551059730250481
 Accuracy: 0.6486486486486487
 Accuracy: 0.655705996131528
 Accuracy: 0.6531007751937985
 Accuracy: 0.6524271844660194
 Accuracy: 0.6556420233463035
 Accuracy: 0.6686159844054581
 Accuracy: 0.666015625
 Accuracy: 0.6594911937377691
 Accuracy: 0.6529411764705882
 Accuracy: 0.6660117878192534
 Accuracy: 0.6515748031496063
 Accuracy: 0.6548323471400395
 Accuracy: 0.6600790513833992
 Accuracy: 0.6633663366336634
 Accuracy: 0.6468253968253969
 Accuracy: 0.6620278330019881
 Accuracy: 0.6553784860557769
 Accuracy: 0.6626746506986028
 Accuracy: 0.666
 Accuracy: 0.654


Normal learing with training size 50, round 0
 Accuracy: 0.678
sh: 1: cannot create home/wanchen/work/tumbl-clean/hitting_time_50-500.txt: Directory nonexistent
Normal learing with training size 50, round 1
 Accuracy: 0.704
Normal learing with training size 50, round 2
 Accuracy: 0.692
Normal learing with training size 50, round 3
 Accuracy: 0.66
Normal learing with training size 50, round 4
 Accuracy: 0.666
Normal learing with training size 50, round 5
 Accuracy: 0.672
Normal learing with training size 50, round 6
 Accuracy: 0.728
Normal learing with training size 50, round 7
 Accuracy: 0.652
Normal learing with training size 50, round 8
 Accuracy: 0.684
Normal learing with training size 50, round 9
 Accuracy: 0.68
Normal learing with training size 50, round 10
 Accuracy: 0.688
 Average of normal learning accuracy : 0.7504

============ Iteration 1 =============

Active learning 10 + 40 
 Accuracy: 0.6660482374768089
 Accuracy: 0.637546468401487
 Accuracy: 0.6629422718808193
 Accuracy: 0.6231343283582089
 Accuracy: 0.6355140186915887
 Accuracy: 0.6666666666666666
 Accuracy: 0.6547842401500938
 Accuracy: 0.6635338345864662
 Accuracy: 0.6572504708097928
 Accuracy: 0.6547169811320754
 Accuracy: 0.665406427221172
 Accuracy: 0.6666666666666666
 Accuracy: 0.6584440227703985
 Accuracy: 0.6634980988593155
 Accuracy: 0.6647619047619048
 Accuracy: 0.6679389312977099
 Accuracy: 0.6787762906309751
 Accuracy: 0.6704980842911877
 Accuracy: 0.6717850287907869
 Accuracy: 0.6480769230769231
 Accuracy: 0.6666666666666666
 Accuracy: 0.6602316602316602
 Accuracy: 0.6615087040618955
 Accuracy: 0.6608527131782945
 Accuracy: 0.6563106796116505
 Accuracy: 0.6575875486381323
 Accuracy: 0.6588693957115009
 Accuracy: 0.65625
 Accuracy: 0.6673189823874756
 Accuracy: 0.6686274509803921
 Accuracy: 0.6758349705304518
 Accuracy: 0.6771653543307087
 Accuracy: 0.6548323471400395
 Accuracy: 0.6739130434782609
 Accuracy: 0.6732673267326733
 Accuracy: 0.6726190476190477
 Accuracy: 0.6620278330019881
 Accuracy: 0.6752988047808764
 Accuracy: 0.6686626746506986
 Accuracy: 0.674
 Accuracy: 0.678


Normal learing with training size 50, round 0
 Accuracy: 0.678
sh: 1: cannot create home/wanchen/work/tumbl-clean/hitting_time_50-500.txt: Directory nonexistent
Normal learing with training size 50, round 1
 Accuracy: 0.682
Normal learing with training size 50, round 2
 Accuracy: 0.732
Normal learing with training size 50, round 3
 Accuracy: 0.662
Normal learing with training size 50, round 4
 Accuracy: 0.74
Normal learing with training size 50, round 5
 Accuracy: 0.686
Normal learing with training size 50, round 6
 Accuracy: 0.664
Normal learing with training size 50, round 7
 Accuracy: 0.712
Normal learing with training size 50, round 8
 Accuracy: 0.658
Normal learing with training size 50, round 9
 Accuracy: 0.706
Normal learing with training size 50, round 10
 Accuracy: 0.678
 Average of normal learning accuracy : 0.7598

============ Iteration 2 =============

Active learning 10 + 40 
 Accuracy: 0.6567717996289425
 Accuracy: 0.6635687732342007
 Accuracy: 0.6517690875232774
 Accuracy: 0.6623134328358209
 Accuracy: 0.6766355140186916
 Accuracy: 0.6722846441947565
 Accuracy: 0.6810506566604128
 Accuracy: 0.6691729323308271
 Accuracy: 0.6760828625235404
 Accuracy: 0.6754716981132075
 Accuracy: 0.6729678638941399
 Accuracy: 0.6704545454545454
 Accuracy: 0.6698292220113852
 Accuracy: 0.7129277566539924
 Accuracy: 0.7123809523809523
 Accuracy: 0.700381679389313
 Accuracy: 0.7017208413001912
 Accuracy: 0.6992337164750958
 Accuracy: 0.7044145873320538
 Accuracy: 0.676923076923077
 Accuracy: 0.6801541425818882
 Accuracy: 0.6911196911196911
 Accuracy: 0.6963249516441006
 Accuracy: 0.7015503875968992
 Accuracy: 0.6951456310679611
 Accuracy: 0.7042801556420234
 Accuracy: 0.6998050682261209
 Accuracy: 0.697265625
 Accuracy: 0.7025440313111546
 Accuracy: 0.703921568627451
 Accuracy: 0.7170923379174853
 Accuracy: 0.7165354330708661
 Accuracy: 0.7120315581854043
 Accuracy: 0.717391304347826
 Accuracy: 0.7089108910891089
 Accuracy: 0.7023809523809523
 Accuracy: 0.705765407554672
 Accuracy: 0.7051792828685259
 Accuracy: 0.7065868263473054
 Accuracy: 0.708
 Accuracy: 0.728


Normal learing with training size 50, round 0
 Accuracy: 0.68
sh: 1: cannot create home/wanchen/work/tumbl-clean/hitting_time_50-500.txt: Directory nonexistent
Normal learing with training size 50, round 1
 Accuracy: 0.67
Normal learing with training size 50, round 2
 Accuracy: 0.664
Normal learing with training size 50, round 3
 Accuracy: 0.666
Normal learing with training size 50, round 4
 Accuracy: 0.696
Normal learing with training size 50, round 5
 Accuracy: 0.694
Normal learing with training size 50, round 6
 Accuracy: 0.678
Normal learing with training size 50, round 7
 Accuracy: 0.664
Normal learing with training size 50, round 8
 Accuracy: 0.714
Normal learing with training size 50, round 9
 Accuracy: 0.682
Normal learing with training size 50, round 10
 Accuracy: 0.678
 Average of normal learning accuracy : 0.7486

============ Iteration 3 =============

Active learning 10 + 40 
 Accuracy: 0.5473098330241187
 Accuracy: 0.5613382899628253
 Accuracy: 0.6033519553072626
 Accuracy: 0.582089552238806
 Accuracy: 0.6130841121495327
 Accuracy: 0.6048689138576779
 Accuracy: 0.6078799249530957
 Accuracy: 0.6165413533834586
 Accuracy: 0.6591337099811676
 Accuracy: 0.6867924528301886
 Accuracy: 0.6729678638941399
 Accuracy: 0.6818181818181818
 Accuracy: 0.6755218216318786
 Accuracy: 0.6901140684410646
 Accuracy: 0.6895238095238095
 Accuracy: 0.6889312977099237
 Accuracy: 0.6806883365200764
 Accuracy: 0.6819923371647509
 Accuracy: 0.6852207293666027
 Accuracy: 0.7019230769230769
 Accuracy: 0.7186897880539499
 Accuracy: 0.722007722007722
 Accuracy: 0.7098646034816247
 Accuracy: 0.6957364341085271
 Accuracy: 0.6932038834951456
 Accuracy: 0.708171206225681
 Accuracy: 0.7056530214424951
 Accuracy: 0.69921875
 Accuracy: 0.6947162426614482
 Accuracy: 0.7019607843137254
 Accuracy: 0.7131630648330058
 Accuracy: 0.7125984251968503
 Accuracy: 0.7021696252465484
 Accuracy: 0.6837944664031621
 Accuracy: 0.7049504950495049
 Accuracy: 0.7003968253968254
 Accuracy: 0.6998011928429424
 Accuracy: 0.6932270916334662
 Accuracy: 0.6906187624750499
 Accuracy: 0.682
 Accuracy: 0.68


Normal learing with training size 50, round 0
 Accuracy: 0.74
sh: 1: cannot create home/wanchen/work/tumbl-clean/hitting_time_50-500.txt: Directory nonexistent
Normal learing with training size 50, round 1
 Accuracy: 0.736
Normal learing with training size 50, round 2
 Accuracy: 0.71
Normal learing with training size 50, round 3
 Accuracy: 0.724
Normal learing with training size 50, round 4
 Accuracy: 0.76
Normal learing with training size 50, round 5
 Accuracy: 0.692
Normal learing with training size 50, round 6
 Accuracy: 0.726
Normal learing with training size 50, round 7
 Accuracy: 0.648
Normal learing with training size 50, round 8
 Accuracy: 0.686
Normal learing with training size 50, round 9
 Accuracy: 0.71
Normal learing with training size 50, round 10
 Accuracy: 0.726
 Average of normal learning accuracy : 0.7858

============ Iteration 4 =============

Active learning 10 + 40 
 Accuracy: 0.5714285714285714
 Accuracy: 0.5520446096654275
 Accuracy: 0.5586592178770949
 Accuracy: 0.5522388059701493
 Accuracy: 0.5869158878504673
 Accuracy: 0.5730337078651685
 Accuracy: 0.5778611632270169
 Accuracy: 0.5921052631578947
 Accuracy: 0.5819209039548022
 Accuracy: 0.5943396226415094
 Accuracy: 0.5822306238185255
 Accuracy: 0.6420454545454546
 Accuracy: 0.6394686907020873
 Accuracy: 0.6615969581749049
 Accuracy: 0.6704761904761904
 Accuracy: 0.6755725190839694
 Accuracy: 0.6615678776290631
 Accuracy: 0.6781609195402298
 Accuracy: 0.6775431861804223
 Accuracy: 0.6711538461538461
 Accuracy: 0.6840077071290944
 Accuracy: 0.6776061776061776
 Accuracy: 0.6769825918762089
 Accuracy: 0.6763565891472868
 Accuracy: 0.6679611650485436
 Accuracy: 0.6731517509727627
 Accuracy: 0.6666666666666666
 Accuracy: 0.669921875
 Accuracy: 0.6594911937377691
 Accuracy: 0.6588235294117647
 Accuracy: 0.6601178781925344
 Accuracy: 0.6614173228346457
 Accuracy: 0.6706114398422091
 Accuracy: 0.6699604743083004
 Accuracy: 0.6792079207920793
 Accuracy: 0.6865079365079365
 Accuracy: 0.68389662027833
 Accuracy: 0.6832669322709163
 Accuracy: 0.6906187624750499
 Accuracy: 0.69
 Accuracy: 0.682


Normal learing with training size 50, round 0
 Accuracy: 0.71
sh: 1: cannot create home/wanchen/work/tumbl-clean/hitting_time_50-500.txt: Directory nonexistent
Normal learing with training size 50, round 1
 Accuracy: 0.672
Normal learing with training size 50, round 2
 Accuracy: 0.724
Normal learing with training size 50, round 3
 Accuracy: 0.748
Normal learing with training size 50, round 4
 Accuracy: 0.742
Normal learing with training size 50, round 5
 Accuracy: 0.746
Normal learing with training size 50, round 6
 Accuracy: 0.692
Normal learing with training size 50, round 7
 Accuracy: 0.684
Normal learing with training size 50, round 8
 Accuracy: 0.736
Normal learing with training size 50, round 9
 Accuracy: 0.724
Normal learing with training size 50, round 10
 Accuracy: 0.694
 Average of normal learning accuracy : 0.7872

============ Iteration 5 =============

Active learning 10 + 40 
 Accuracy: 0.6196660482374768
 Accuracy: 0.6282527881040892
 Accuracy: 0.6517690875232774
 Accuracy: 0.6492537313432836
 Accuracy: 0.6280373831775701
 Accuracy: 0.6104868913857678
 Accuracy: 0.6285178236397748
 Accuracy: 0.631578947368421
 Accuracy: 0.6346516007532956
 Accuracy: 0.6433962264150943
 Accuracy: 0.6219281663516069
 Accuracy: 0.6723484848484849
 Accuracy: 0.7001897533206831
 Accuracy: 0.6844106463878327
 Accuracy: 0.6819047619047619
 Accuracy: 0.6717557251908397
 Accuracy: 0.6864244741873805
 Accuracy: 0.6934865900383141
 Accuracy: 0.6833013435700576
 Accuracy: 0.6807692307692308
 Accuracy: 0.6763005780346821
 Accuracy: 0.6795366795366795
 Accuracy: 0.6731141199226306
 Accuracy: 0.6744186046511628
 Accuracy: 0.6757281553398058
 Accuracy: 0.6809338521400778
 Accuracy: 0.682261208576998
 Accuracy: 0.677734375
 Accuracy: 0.6771037181996086
 Accuracy: 0.6862745098039216
 Accuracy: 0.6856581532416502
 Accuracy: 0.687007874015748
 Accuracy: 0.6863905325443787
 Accuracy: 0.6936758893280632
 Accuracy: 0.693069306930693
 Accuracy: 0.7083333333333334
 Accuracy: 0.6978131212723658
 Accuracy: 0.6992031872509961
 Accuracy: 0.6966067864271457
 Accuracy: 0.698
 Accuracy: 0.696


Normal learing with training size 50, round 0
 Accuracy: 0.704
sh: 1: cannot create home/wanchen/work/tumbl-clean/hitting_time_50-500.txt: Directory nonexistent
Normal learing with training size 50, round 1
 Accuracy: 0.708
Normal learing with training size 50, round 2
 Accuracy: 0.732
Normal learing with training size 50, round 3
 Accuracy: 0.72
Normal learing with training size 50, round 4
 Accuracy: 0.682
Normal learing with training size 50, round 5
 Accuracy: 0.71
Normal learing with training size 50, round 6
 Accuracy: 0.698
Normal learing with training size 50, round 7
 Accuracy: 0.73
Normal learing with training size 50, round 8
 Accuracy: 0.676
Normal learing with training size 50, round 9
 Accuracy: 0.688
Normal learing with training size 50, round 10
 Accuracy: 0.728
 Average of normal learning accuracy : 0.7776

============ Iteration 6 =============

Active learning 10 + 40 
 Accuracy: 0.6233766233766234
 Accuracy: 0.6152416356877324
 Accuracy: 0.6163873370577281
 Accuracy: 0.6268656716417911
 Accuracy: 0.6280373831775701
 Accuracy: 0.6367041198501873
 Accuracy: 0.624765478424015
 Accuracy: 0.6203007518796992
 Accuracy: 0.6214689265536724
 Accuracy: 0.630188679245283
 Accuracy: 0.6181474480151229
 Accuracy: 0.6212121212121212
 Accuracy: 0.6375711574952562
 Accuracy: 0.6463878326996197
 Accuracy: 0.6342857142857142
 Accuracy: 0.6125954198473282
 Accuracy: 0.6118546845124283
 Accuracy: 0.6091954022988506
 Accuracy: 0.6103646833013435
 Accuracy: 0.6076923076923076
 Accuracy: 0.6107899807321773
 Accuracy: 0.6177606177606177
 Accuracy: 0.6228239845261122
 Accuracy: 0.625968992248062
 Accuracy: 0.6330097087378641
 Accuracy: 0.622568093385214
 Accuracy: 0.6140350877192983
 Accuracy: 0.625
 Accuracy: 0.6340508806262231
 Accuracy: 0.6450980392156863
 Accuracy: 0.630648330058939
 Accuracy: 0.6417322834645669
 Accuracy: 0.6232741617357002
 Accuracy: 0.6146245059288538
 Accuracy: 0.6099009900990099
 Accuracy: 0.6349206349206349
 Accuracy: 0.610337972166998
 Accuracy: 0.6135458167330677
 Accuracy: 0.626746506986028
 Accuracy: 0.618
 Accuracy: 0.622


Normal learing with training size 50, round 0
 Accuracy: 0.694
sh: 1: cannot create home/wanchen/work/tumbl-clean/hitting_time_50-500.txt: Directory nonexistent
Normal learing with training size 50, round 1
 Accuracy: 0.694
Normal learing with training size 50, round 2
 Accuracy: 0.638
Normal learing with training size 50, round 3
 Accuracy: 0.692
Normal learing with training size 50, round 4
 Accuracy: 0.694
Normal learing with training size 50, round 5
 Accuracy: 0.664
Normal learing with training size 50, round 6
 Accuracy: 0.714
Normal learing with training size 50, round 7
 Accuracy: 0.682
Normal learing with training size 50, round 8
 Accuracy: 0.628
Normal learing with training size 50, round 9
 Accuracy: 0.628
Normal learing with training size 50, round 10
 Accuracy: 0.69
 Average of normal learning accuracy : 0.7418

============ Iteration 7 =============

Active learning 10 + 40 
 Accuracy: 0.6716141001855288
 Accuracy: 0.6579925650557621
 Accuracy: 0.6610800744878957
 Accuracy: 0.6529850746268657
 Accuracy: 0.6485981308411215
 Accuracy: 0.6647940074906367
 Accuracy: 0.6566604127579737
 Accuracy: 0.6729323308270677
 Accuracy: 0.672316384180791
 Accuracy: 0.6716981132075471
 Accuracy: 0.6748582230623819
 Accuracy: 0.6723484848484849
 Accuracy: 0.6755218216318786
 Accuracy: 0.6749049429657795
 Accuracy: 0.6761904761904762
 Accuracy: 0.6774809160305344
 Accuracy: 0.6730401529636711
 Accuracy: 0.6762452107279694
 Accuracy: 0.6871401151631478
 Accuracy: 0.676923076923077
 Accuracy: 0.6782273603082851
 Accuracy: 0.6814671814671814
 Accuracy: 0.6711798839458414
 Accuracy: 0.6647286821705426
 Accuracy: 0.6601941747572816
 Accuracy: 0.6536964980544747
 Accuracy: 0.672514619883041
 Accuracy: 0.673828125
 Accuracy: 0.6712328767123288
 Accuracy: 0.6803921568627451
 Accuracy: 0.6444007858546169
 Accuracy: 0.6732283464566929
 Accuracy: 0.6725838264299803
 Accuracy: 0.6600790513833992
 Accuracy: 0.6712871287128713
 Accuracy: 0.6746031746031746
 Accuracy: 0.6600397614314115
 Accuracy: 0.6653386454183267
 Accuracy: 0.6666666666666666
 Accuracy: 0.678
 Accuracy: 0.67


Normal learing with training size 50, round 0
 Accuracy: 0.722
sh: 1: cannot create home/wanchen/work/tumbl-clean/hitting_time_50-500.txt: Directory nonexistent
Normal learing with training size 50, round 1
 Accuracy: 0.748
Normal learing with training size 50, round 2
 Accuracy: 0.664
Normal learing with training size 50, round 3
 Accuracy: 0.716
Normal learing with training size 50, round 4
 Accuracy: 0.676
Normal learing with training size 50, round 5
 Accuracy: 0.722
Normal learing with training size 50, round 6
 Accuracy: 0.732
Normal learing with training size 50, round 7
 Accuracy: 0.696
Normal learing with training size 50, round 8
 Accuracy: 0.672
Normal learing with training size 50, round 9
 Accuracy: 0.7
Normal learing with training size 50, round 10
 Accuracy: 0.658
 Average of normal learning accuracy : 0.7706

============ Iteration 8 =============

Active learning 10 + 40 
 Accuracy: 0.5677179962894249
 Accuracy: 0.570631970260223
 Accuracy: 0.5772811918063314
 Accuracy: 0.5634328358208955
 Accuracy: 0.5700934579439252
 Accuracy: 0.5749063670411985
 Accuracy: 0.5778611632270169
 Accuracy: 0.5639097744360902
 Accuracy: 0.5743879472693032
 Accuracy: 0.5622641509433962
 Accuracy: 0.5727788279773157
 Accuracy: 0.5643939393939394
 Accuracy: 0.5673624288425048
 Accuracy: 0.5570342205323194
 Accuracy: 0.5447619047619048
 Accuracy: 0.5458015267175572
 Accuracy: 0.5544933078393881
 Accuracy: 0.5402298850574713
 Accuracy: 0.5470249520153551
 Accuracy: 0.5576923076923077
 Accuracy: 0.5414258188824663
 Accuracy: 0.5347490347490348
 Accuracy: 0.5415860735009671
 Accuracy: 0.5271317829457365
 Accuracy: 0.537864077669903
 Accuracy: 0.5622568093385214
 Accuracy: 0.5594541910331384
 Accuracy: 0.560546875
 Accuracy: 0.5538160469667319
 Accuracy: 0.5588235294117647
 Accuracy: 0.5520628683693517
 Accuracy: 0.5531496062992126
 Accuracy: 0.5680473372781065
 Accuracy: 0.5592885375494071
 Accuracy: 0.5782178217821782
 Accuracy: 0.5793650793650794
 Accuracy: 0.584493041749503
 Accuracy: 0.5936254980079682
 Accuracy: 0.5828343313373253
 Accuracy: 0.572
 Accuracy: 0.58


Normal learing with training size 50, round 0
 Accuracy: 0.628
sh: 1: cannot create home/wanchen/work/tumbl-clean/hitting_time_50-500.txt: Directory nonexistent
Normal learing with training size 50, round 1
 Accuracy: 0.672
Normal learing with training size 50, round 2
 Accuracy: 0.646
Normal learing with training size 50, round 3
 Accuracy: 0.688
Normal learing with training size 50, round 4
 Accuracy: 0.654
Normal learing with training size 50, round 5
 Accuracy: 0.648
Normal learing with training size 50, round 6
 Accuracy: 0.672
Normal learing with training size 50, round 7
 Accuracy: 0.702
Normal learing with training size 50, round 8
 Accuracy: 0.688
Normal learing with training size 50, round 9
 Accuracy: 0.662
Normal learing with training size 50, round 10
 Accuracy: 0.656
 Average of normal learning accuracy : 0.7316

============ Iteration 9 =============

Active learning 10 + 40 
 Accuracy: 0.7179962894248608
 Accuracy: 0.6914498141263941
 Accuracy: 0.6945996275605214
 Accuracy: 0.6697761194029851
 Accuracy: 0.6934579439252336
 Accuracy: 0.6966292134831461
 Accuracy: 0.6923076923076923
 Accuracy: 0.6842105263157895
 Accuracy: 0.6779661016949152
 Accuracy: 0.6622641509433962
 Accuracy: 0.6597353497164461
 Accuracy: 0.6553030303030303
 Accuracy: 0.6622390891840607
 Accuracy: 0.6596958174904943
 Accuracy: 0.6628571428571428
 Accuracy: 0.6793893129770993
 Accuracy: 0.6864244741873805
 Accuracy: 0.685823754789272
 Accuracy: 0.6737044145873321
 Accuracy: 0.6673076923076923
 Accuracy: 0.6666666666666666
 Accuracy: 0.6718146718146718
 Accuracy: 0.6653771760154739
 Accuracy: 0.6608527131782945
 Accuracy: 0.6679611650485436
 Accuracy: 0.6906614785992218
 Accuracy: 0.6881091617933723
 Accuracy: 0.67578125
 Accuracy: 0.6810176125244618
 Accuracy: 0.6764705882352942
 Accuracy: 0.68762278978389
 Accuracy: 0.687007874015748
 Accuracy: 0.6824457593688363
 Accuracy: 0.6837944664031621
 Accuracy: 0.6871287128712872
 Accuracy: 0.6825396825396826
 Accuracy: 0.6858846918489065
 Accuracy: 0.6912350597609562
 Accuracy: 0.6846307385229541
 Accuracy: 0.69
 Accuracy: 0.686


Normal learing with training size 50, round 0
 Accuracy: 0.736
sh: 1: cannot create home/wanchen/work/tumbl-clean/hitting_time_50-500.txt: Directory nonexistent
Normal learing with training size 50, round 1
 Accuracy: 0.726
Normal learing with training size 50, round 2
 Accuracy: 0.714
Normal learing with training size 50, round 3
 Accuracy: 0.68
Normal learing with training size 50, round 4
 Accuracy: 0.73
Normal learing with training size 50, round 5
 Accuracy: 0.696
Normal learing with training size 50, round 6
 Accuracy: 0.728
Normal learing with training size 50, round 7
 Accuracy: 0.732
Normal learing with training size 50, round 8
 Accuracy: 0.706
Normal learing with training size 50, round 9
 Accuracy: 0.734
Normal learing with training size 50, round 10
 Accuracy: 0.754
 Average of normal learning accuracy : 0.7936

============ Iteration 10 =============

Active learning 10 + 40 
 Accuracy: 0.6957328385899815
 Accuracy: 0.6598513011152416
 Accuracy: 0.6741154562383612
 Accuracy: 0.6716417910447762
 Accuracy: 0.6710280373831776
 Accuracy: 0.6629213483146067
 Accuracy: 0.6416510318949343
 Accuracy: 0.7030075187969925
 Accuracy: 0.6836158192090396
 Accuracy: 0.6867924528301886
 Accuracy: 0.7164461247637051
 Accuracy: 0.7045454545454546
 Accuracy: 0.7077798861480076
 Accuracy: 0.7072243346007605
 Accuracy: 0.6914285714285714
 Accuracy: 0.6908396946564885
 Accuracy: 0.6864244741873805
 Accuracy: 0.6877394636015326
 Accuracy: 0.6775431861804223
 Accuracy: 0.6711538461538461
 Accuracy: 0.6551059730250481
 Accuracy: 0.6814671814671814
 Accuracy: 0.6769825918762089
 Accuracy: 0.6705426356589147
 Accuracy: 0.6660194174757281
 Accuracy: 0.6926070038910506
 Accuracy: 0.682261208576998
 Accuracy: 0.685546875
 Accuracy: 0.6731898238747553
 Accuracy: 0.6725490196078432
 Accuracy: 0.6581532416502947
 Accuracy: 0.6633858267716536
 Accuracy: 0.6607495069033531
 Accuracy: 0.658102766798419
 Accuracy: 0.6673267326732674
 Accuracy: 0.6726190476190477
 Accuracy: 0.6699801192842942
 Accuracy: 0.6772908366533864
 Accuracy: 0.6686626746506986
 Accuracy: 0.672
 Accuracy: 0.662


Normal learing with training size 50, round 0
 Accuracy: 0.712
sh: 1: cannot create home/wanchen/work/tumbl-clean/hitting_time_50-500.txt: Directory nonexistent
Normal learing with training size 50, round 1
 Accuracy: 0.668
Normal learing with training size 50, round 2
 Accuracy: 0.718
Normal learing with training size 50, round 3
 Accuracy: 0.732
Normal learing with training size 50, round 4
 Accuracy: 0.682
Normal learing with training size 50, round 5
 Accuracy: 0.66
Normal learing with training size 50, round 6
 Accuracy: 0.72
Normal learing with training size 50, round 7
 Accuracy: 0.7
Normal learing with training size 50, round 8
 Accuracy: 0.74
Normal learing with training size 50, round 9
 Accuracy: 0.7
Normal learing with training size 50, round 10
 Accuracy: 0.714
 Average of normal learning accuracy : 0.7746
