This is pdfTeX, Version 3.1415926-1.40.10 (TeX Live 2009/Debian) (format=pdflatex 2012.5.26)  19 JUL 2012 23:32
entering extended mode
 %&-line parsing enabled.
**prelim_paper
(./prelim_paper.tex
LaTeX2e <2009/09/24>
Babel <v3.8l> and hyphenation patterns for english, usenglishmax, dumylang, noh
yphenation, farsi, arabic, croatian, bulgarian, ukrainian, russian, czech, slov
ak, danish, dutch, finnish, french, basque, ngerman, german, german-x-2009-06-1
9, ngerman-x-2009-06-19, ibycus, monogreek, greek, ancientgreek, hungarian, san
skrit, italian, latin, latvian, lithuanian, mongolian2a, mongolian, bokmal, nyn
orsk, romanian, irish, coptic, serbian, turkish, welsh, esperanto, uppersorbian
, estonian, indonesian, interlingua, icelandic, kurmanji, slovenian, polish, po
rtuguese, spanish, galician, catalan, swedish, ukenglish, pinyin, loaded.
(/usr/share/texmf-texlive/tex/latex/base/article.cls
Document Class: article 2007/10/19 v1.4h Standard LaTeX document class
(/usr/share/texmf-texlive/tex/latex/base/size11.clo
File: size11.clo 2007/10/19 v1.4h Standard LaTeX file (size option)
)
\c@part=\count79
\c@section=\count80
\c@subsection=\count81
\c@subsubsection=\count82
\c@paragraph=\count83
\c@subparagraph=\count84
\c@figure=\count85
\c@table=\count86
\abovecaptionskip=\skip41
\belowcaptionskip=\skip42
\bibindent=\dimen102
) (./acl2012.sty
Conference Style for ACL 2005 -- released Octobe 11, 2004
\titlebox=\skip43
) (/usr/share/texmf-texlive/tex/latex/psnfss/times.sty
Package: times 2005/04/12 PSNFSS-v9.2a (SPQR) 
)
(/usr/share/texmf-texlive/tex/latex/base/latexsym.sty
Package: latexsym 1998/08/17 v2.2e Standard LaTeX package (lasy symbols)
\symlasy=\mathgroup4
LaTeX Font Info:    Overwriting symbol font `lasy' in version `bold'
(Font)                  U/lasy/m/n --> U/lasy/b/n on input line 47.
)
(/usr/share/texmf-texlive/tex/latex/amsmath/amsmath.sty
Package: amsmath 2000/07/18 v2.13 AMS math features
\@mathmargin=\skip44

For additional information on amsmath, use the `?' option.
(/usr/share/texmf-texlive/tex/latex/amsmath/amstext.sty
Package: amstext 2000/06/29 v2.01

(/usr/share/texmf-texlive/tex/latex/amsmath/amsgen.sty
File: amsgen.sty 1999/11/30 v2.0
\@emptytoks=\toks14
\ex@=\dimen103
))
(/usr/share/texmf-texlive/tex/latex/amsmath/amsbsy.sty
Package: amsbsy 1999/11/29 v1.2d
\pmbraise@=\dimen104
)
(/usr/share/texmf-texlive/tex/latex/amsmath/amsopn.sty
Package: amsopn 1999/12/14 v2.01 operator names
)
\inf@bad=\count87
LaTeX Info: Redefining \frac on input line 211.
\uproot@=\count88
\leftroot@=\count89
LaTeX Info: Redefining \overline on input line 307.
\classnum@=\count90
\DOTSCASE@=\count91
LaTeX Info: Redefining \ldots on input line 379.
LaTeX Info: Redefining \dots on input line 382.
LaTeX Info: Redefining \cdots on input line 467.
\Mathstrutbox@=\box26
\strutbox@=\box27
\big@size=\dimen105
LaTeX Font Info:    Redeclaring font encoding OML on input line 567.
LaTeX Font Info:    Redeclaring font encoding OMS on input line 568.
\macc@depth=\count92
\c@MaxMatrixCols=\count93
\dotsspace@=\muskip10
\c@parentequation=\count94
\dspbrk@lvl=\count95
\tag@help=\toks15
\row@=\count96
\column@=\count97
\maxfields@=\count98
\andhelp@=\toks16
\eqnshift@=\dimen106
\alignsep@=\dimen107
\tagshift@=\dimen108
\tagwidth@=\dimen109
\totwidth@=\dimen110
\lineht@=\dimen111
\@envbody=\toks17
\multlinegap=\skip45
\multlinetaggap=\skip46
\mathdisplay@stack=\toks18
LaTeX Info: Redefining \[ on input line 2666.
LaTeX Info: Redefining \] on input line 2667.
)
(/usr/share/texmf-texlive/tex/latex/graphics/graphicx.sty
Package: graphicx 1999/02/16 v1.0f Enhanced LaTeX Graphics (DPC,SPQR)

(/usr/share/texmf-texlive/tex/latex/graphics/keyval.sty
Package: keyval 1999/03/16 v1.13 key=value parser (DPC)
\KV@toks@=\toks19
)
(/usr/share/texmf-texlive/tex/latex/graphics/graphics.sty
Package: graphics 2009/02/05 v1.0o Standard LaTeX Graphics (DPC,SPQR)

(/usr/share/texmf-texlive/tex/latex/graphics/trig.sty
Package: trig 1999/03/16 v1.09 sin cos tan (DPC)
)
(/etc/texmf/tex/latex/config/graphics.cfg
File: graphics.cfg 2009/08/28 v1.8 graphics configuration of TeX Live
)
Package graphics Info: Driver file: pdftex.def on input line 91.

(/usr/share/texmf-texlive/tex/latex/pdftex-def/pdftex.def
File: pdftex.def 2010/03/12 v0.04p Graphics/color for pdfTeX
\Gread@gobject=\count99
))
\Gin@req@height=\dimen112
\Gin@req@width=\dimen113
)
(/usr/share/texmf-texlive/tex/latex/multirow/multirow.sty
\bigstrutjot=\dimen114
)
(/usr/share/texmf-texlive/tex/latex/tools/enumerate.sty
Package: enumerate 1999/03/05 v3.00 enumerate extensions (DPC)
\@enLab=\toks20
)
(/usr/share/texmf-texlive/tex/latex/ltxmisc/url.sty
\Urlmuskip=\muskip11
Package: url 2006/04/12  ver 3.3  Verb mode for urls, etc.
) (./prelim_paper.aux)
\openout1 = `prelim_paper.aux'.

LaTeX Font Info:    Checking defaults for OML/cmm/m/it on input line 34.
LaTeX Font Info:    ... okay on input line 34.
LaTeX Font Info:    Checking defaults for T1/cmr/m/n on input line 34.
LaTeX Font Info:    ... okay on input line 34.
LaTeX Font Info:    Checking defaults for OT1/cmr/m/n on input line 34.
LaTeX Font Info:    ... okay on input line 34.
LaTeX Font Info:    Checking defaults for OMS/cmsy/m/n on input line 34.
LaTeX Font Info:    ... okay on input line 34.
LaTeX Font Info:    Checking defaults for OMX/cmex/m/n on input line 34.
LaTeX Font Info:    ... okay on input line 34.
LaTeX Font Info:    Checking defaults for U/cmr/m/n on input line 34.
LaTeX Font Info:    ... okay on input line 34.
LaTeX Font Info:    Try loading font information for OT1+ptm on input line 34.

(/usr/share/texmf-texlive/tex/latex/psnfss/ot1ptm.fd
File: ot1ptm.fd 2001/06/04 font definitions for OT1/ptm.
)
(/usr/share/texmf-texlive/tex/context/base/supp-pdf.mkii
[Loading MPS to PDF converter (version 2006.09.02).]
\scratchcounter=\count100
\scratchdimen=\dimen115
\scratchbox=\box28
\nofMPsegments=\count101
\nofMParguments=\count102
\everyMPshowfont=\toks21
\MPscratchCnt=\count103
\MPscratchDim=\dimen116
\MPnumerator=\count104
\everyMPtoPDFconversion=\toks22
)
LaTeX Font Info:    Font shape `OT1/ptm/bx/n' in size <14.4> not available
(Font)              Font shape `OT1/ptm/b/n' tried instead on input line 35.
LaTeX Font Info:    Try loading font information for U+lasy on input line 35.
 (/usr/share/texmf-texlive/tex/latex/base/ulasy.fd
File: ulasy.fd 1998/08/17 v2.2e LaTeX symbol font definitions
)
LaTeX Font Info:    Font shape `OT1/ptm/bx/n' in size <12> not available
(Font)              Font shape `OT1/ptm/b/n' tried instead on input line 35.


LaTeX Warning: No \author given.

(./intro.tex
LaTeX Font Info:    Font shape `OT1/ptm/bx/n' in size <10.95> not available
(Font)              Font shape `OT1/ptm/b/n' tried instead on input line 27.


LaTeX Warning: Reference `sec:overview' on page 1 undefined on input line 27.


LaTeX Warning: Reference `sec:approach' on page 1 undefined on input line 27.


LaTeX Warning: Reference `sec:experiment' on page 1 undefined on input line 31.



LaTeX Warning: Reference `sec:related work' on page 1 undefined on input line 3
4.

) (./overview.tex
Underfull \hbox (badness 2181) in paragraph at lines 6--10
\OT1/ptm/m/n/10.95 Semi-supervised learn-ing uses both la-beled in-
 []

[1{/var/lib/texmf/fonts/map/pdftex/updmap/pdftex.map}




]
Overfull \hbox (2.1195pt too wide) detected at line 135
\OML/cmm/m/it/10.95 RatioCut\OT1/cmr/m/n/10.95 (\OML/cmm/m/it/10.95 A; B\OT1/cm
r/m/n/10.95 ) = [] + []
 []

[2]
! Extra }, or forgotten $.
l.195     f(j) = \frac{1}{\sum_i w_{ij}}}
                                         \sum_{i\in Neighbor(j)} w_{ij} f(i)...

? 
(./spectral.tex
Underfull \hbox (badness 1400) in paragraph at lines 11--16
[]\OT1/ptm/m/n/10.95 We will be us-ing the fol-low-ing no-ta-tions to
 []


Underfull \hbox (badness 10000) in paragraph at lines 11--16

 []

! Undefined control sequence.
l.17 ... every function $f: [n]\rightarrow \mathbb
                                                  {R}  $,
? 

Underfull \hbox (badness 10000) in paragraph at lines 24--25

 []

! Undefined control sequence.
l.27 ...every function  $f: [n]\rightarrow \mathbb
                                                  {R}  $,
? 
! Undefined control sequence.
l.42 ...phi_k$, we span a new space $V \in \mathbb
                                                  {R}^{n\times k}$ which
? 
[3]
! Undefined control sequence.
l.73 which is equivalent to $f \bot \mathbb
                                           {1}$ and $\|f\| = \sqrt{n}$. The ...

? 
)) (./approach.tex
Underfull \hbox (badness 2065) in paragraph at lines 24--31
\OT1/ptm/m/n/10.95 ($\OML/cmm/m/it/10.95 X; F$ \OT1/ptm/m/n/10.95 are node sets
 and $\OML/cmm/m/it/10.95 E$ \OT1/ptm/m/n/10.95 is edge set), we
 []

[4]) (./al.tex) (./exp.tex) (./rel.tex [5]

LaTeX Warning: Citation `pagerank' on page 6 undefined on input line 77.

) (./con.tex) (./prelim_paper.bbl) [6] (./prelim_paper.aux)

LaTeX Warning: There were undefined references.

 ) 
Here is how much of TeX's memory you used:
 1795 strings out of 493848
 21813 string characters out of 1152823
 81776 words of memory out of 3000000
 5028 multiletter control sequences out of 15000+50000
 28304 words of font info for 66 fonts, out of 3000000 for 9000
 714 hyphenation exceptions out of 8191
 27i,9n,20p,561b,233s stack positions out of 5000i,500n,10000p,200000b,50000s
{/usr/share/texmf-texlive/fonts/enc/dvips/base/8r.enc}</usr/share/texmf-texli
ve/fonts/type1/public/amsfonts/cm/cmbx10.pfb></usr/share/texmf-texlive/fonts/ty
pe1/public/amsfonts/cm/cmex10.pfb></usr/share/texmf-texlive/fonts/type1/public/
amsfonts/cm/cmmi10.pfb></usr/share/texmf-texlive/fonts/type1/public/amsfonts/cm
/cmmi8.pfb></usr/share/texmf-texlive/fonts/type1/public/amsfonts/cm/cmr10.pfb><
/usr/share/texmf-texlive/fonts/type1/public/amsfonts/cm/cmr8.pfb></usr/share/te
xmf-texlive/fonts/type1/public/amsfonts/cm/cmsy10.pfb></usr/share/texmf-texlive
/fonts/type1/public/amsfonts/cm/cmsy8.pfb></usr/share/texmf-texlive/fonts/type1
/urw/times/utmb8a.pfb></usr/share/texmf-texlive/fonts/type1/urw/times/utmr8a.pf
b></usr/share/texmf-texlive/fonts/type1/urw/times/utmri8a.pfb>
Output written on prelim_paper.pdf (6 pages, 159994 bytes).
PDF statistics:
 66 PDF objects out of 1000 (max. 8388607)
 0 named destinations out of 1000 (max. 500000)
 1 words of extra memory for PDF output out of 10000 (max. 10000000)

